<?xml version="1.0" encoding="UTF-8"?>
<robot generator="Robot 4.0.2 (Python 3.9.5 on win32)" generated="20210513 08:31:48.058" rpa="false" schemaversion="2">
<suite id="s1" name="TS001 VyhledavaciPole" source="D:\Projects\RobotFramework\Semestralni_projekt\TS001_VyhledavaciPole.robot">
<test id="s1-t1" name="Pre-conditions - TS001_VyhledavaciPole">
<kw name="Set Selenium Speed" library="SeleniumLibrary">
<arg>0.2</arg>
<doc>Sets the delay that is waited after each Selenium command.</doc>
<status status="PASS" starttime="20210513 08:31:48.762" endtime="20210513 08:31:48.762"/>
</kw>
<kw name="Open Browser" library="SeleniumLibrary">
<arg>${URL_Mapy.cz}</arg>
<arg>${ProhlizecChrome}</arg>
<doc>Opens a new browser instance to the optional ``url``.</doc>
<msg timestamp="20210513 08:31:48.764" level="INFO">Opening browser 'Chrome' to base url 'https://mapy.cz'.</msg>
<status status="PASS" starttime="20210513 08:31:48.764" endtime="20210513 08:31:55.264"/>
</kw>
<kw name="Maximize Browser Window" library="SeleniumLibrary">
<doc>Maximizes current browser window.</doc>
<status status="PASS" starttime="20210513 08:31:55.264" endtime="20210513 08:31:55.606"/>
</kw>
<status status="PASS" starttime="20210513 08:31:48.761" endtime="20210513 08:31:55.607"/>
</test>
<test id="s1-t2" name="TC_001 - Vyhledávání podle názvu města">
<kw name="Element Should Be Visible" library="SeleniumLibrary">
<arg>${Inputs_SearchBar}</arg>
<doc>Verifies that the element identified by ``locator`` is visible.</doc>
<msg timestamp="20210513 08:31:56.060" level="INFO">Element '//input[@id='input-search']' is displayed.</msg>
<status status="PASS" starttime="20210513 08:31:55.610" endtime="20210513 08:31:56.060"/>
</kw>
<kw name="Input Text" library="SeleniumLibrary">
<arg>${Inputs_SearchBar}</arg>
<arg>${Values_Zlin}</arg>
<doc>Types the given ``text`` into the text field identified by ``locator``.</doc>
<msg timestamp="20210513 08:31:56.061" level="INFO">Typing text 'Zlín' into text field '//input[@id='input-search']'.</msg>
<status status="PASS" starttime="20210513 08:31:56.061" endtime="20210513 08:31:56.771"/>
</kw>
<kw name="Press Keys" library="SeleniumLibrary">
<arg>None</arg>
<arg>ENTER</arg>
<doc>Simulates the user pressing key(s) to an element or on the active browser.</doc>
<msg timestamp="20210513 08:31:56.771" level="INFO">Sending key(s) ('ENTER',) to page.</msg>
<msg timestamp="20210513 08:31:56.772" level="INFO">Pressing special key ENTER to browser.</msg>
<msg timestamp="20210513 08:31:56.772" level="INFO">Releasing special key ENTER.</msg>
<status status="PASS" starttime="20210513 08:31:56.771" endtime="20210513 08:31:56.994"/>
</kw>
<kw name="Wait Until Element Is Visible" library="SeleniumLibrary">
<arg>${Header_Zlin}</arg>
<doc>Waits until the element ``locator`` is visible.</doc>
<status status="PASS" starttime="20210513 08:31:56.995" endtime="20210513 08:31:58.276"/>
</kw>
<status status="PASS" starttime="20210513 08:31:55.609" endtime="20210513 08:31:58.277"/>
</test>
<test id="s1-t3" name="Post-conditions - TC_001 - Vyhledávání podle názvu města">
<kw name="Click Element" library="SeleniumLibrary">
<arg>${Button_Zavrit}</arg>
<doc>Click the element identified by ``locator``.</doc>
<msg timestamp="20210513 08:31:58.283" level="INFO">Clicking element '//button[contains(text(),'Zavřít')]'.</msg>
<status status="PASS" starttime="20210513 08:31:58.281" endtime="20210513 08:31:58.774"/>
</kw>
<status status="PASS" starttime="20210513 08:31:58.279" endtime="20210513 08:31:58.775"/>
</test>
<test id="s1-t4" name="TC_002 - Vyhledávání podle PSČ">
<kw name="Element Should Be Visible" library="SeleniumLibrary">
<arg>${Inputs_SearchBar}</arg>
<doc>Verifies that the element identified by ``locator`` is visible.</doc>
<msg timestamp="20210513 08:31:59.212" level="INFO">Element '//input[@id='input-search']' is displayed.</msg>
<status status="PASS" starttime="20210513 08:31:58.777" endtime="20210513 08:31:59.212"/>
</kw>
<kw name="Input Text" library="SeleniumLibrary">
<arg>${Inputs_SearchBar}</arg>
<arg>${Values_PSC}</arg>
<arg>True</arg>
<doc>Types the given ``text`` into the text field identified by ``locator``.</doc>
<msg timestamp="20210513 08:31:59.213" level="INFO">Typing text '78701' into text field '//input[@id='input-search']'.</msg>
<status status="PASS" starttime="20210513 08:31:59.212" endtime="20210513 08:31:59.914"/>
</kw>
<kw name="Press Keys" library="SeleniumLibrary">
<arg>None</arg>
<arg>ENTER</arg>
<doc>Simulates the user pressing key(s) to an element or on the active browser.</doc>
<msg timestamp="20210513 08:31:59.917" level="INFO">Sending key(s) ('ENTER',) to page.</msg>
<msg timestamp="20210513 08:31:59.917" level="INFO">Pressing special key ENTER to browser.</msg>
<msg timestamp="20210513 08:31:59.917" level="INFO">Releasing special key ENTER.</msg>
<status status="PASS" starttime="20210513 08:31:59.914" endtime="20210513 08:32:00.148"/>
</kw>
<kw name="Wait Until Element Is Visible" library="SeleniumLibrary">
<arg>${Header_PSC}</arg>
<doc>Waits until the element ``locator`` is visible.</doc>
<status status="PASS" starttime="20210513 08:32:00.151" endtime="20210513 08:32:01.425"/>
</kw>
<status status="PASS" starttime="20210513 08:31:58.776" endtime="20210513 08:32:01.426"/>
</test>
<test id="s1-t5" name="Post-conditions - TC_002 - Vyhledávání podle PSČ">
<kw name="Wait Until Element Is Visible" library="SeleniumLibrary">
<arg>${Button_Zavrit}</arg>
<doc>Waits until the element ``locator`` is visible.</doc>
<status status="PASS" starttime="20210513 08:32:01.432" endtime="20210513 08:32:01.878"/>
</kw>
<kw name="Click Element" library="SeleniumLibrary">
<arg>${Button_Zavrit}</arg>
<doc>Click the element identified by ``locator``.</doc>
<msg timestamp="20210513 08:32:01.880" level="INFO">Clicking element '//button[contains(text(),'Zavřít')]'.</msg>
<status status="PASS" starttime="20210513 08:32:01.879" endtime="20210513 08:32:02.359"/>
</kw>
<status status="PASS" starttime="20210513 08:32:01.431" endtime="20210513 08:32:02.359"/>
</test>
<test id="s1-t6" name="TC_003 - Vyhledávání podle GPS souřadnic">
<kw name="Element Should Be Visible" library="SeleniumLibrary">
<arg>${Inputs_SearchBar}</arg>
<doc>Verifies that the element identified by ``locator`` is visible.</doc>
<msg timestamp="20210513 08:32:02.777" level="INFO">Element '//input[@id='input-search']' is displayed.</msg>
<status status="PASS" starttime="20210513 08:32:02.367" endtime="20210513 08:32:02.777"/>
</kw>
<kw name="Input Text" library="SeleniumLibrary">
<arg>${Inputs_SearchBar}</arg>
<arg>${Values_GPS}</arg>
<arg>True</arg>
<doc>Types the given ``text`` into the text field identified by ``locator``.</doc>
<msg timestamp="20210513 08:32:02.777" level="INFO">Typing text '50.0830764N, 17.2309767E' into text field '//input[@id='input-search']'.</msg>
<status status="PASS" starttime="20210513 08:32:02.777" endtime="20210513 08:32:03.548"/>
</kw>
<kw name="Press Keys" library="SeleniumLibrary">
<arg>None</arg>
<arg>ENTER</arg>
<doc>Simulates the user pressing key(s) to an element or on the active browser.</doc>
<msg timestamp="20210513 08:32:03.550" level="INFO">Sending key(s) ('ENTER',) to page.</msg>
<msg timestamp="20210513 08:32:03.550" level="INFO">Pressing special key ENTER to browser.</msg>
<msg timestamp="20210513 08:32:03.550" level="INFO">Releasing special key ENTER.</msg>
<status status="PASS" starttime="20210513 08:32:03.549" endtime="20210513 08:32:03.789"/>
</kw>
<kw name="Wait Until Element Is Visible" library="SeleniumLibrary">
<arg>${Header_GPS}</arg>
<doc>Waits until the element ``locator`` is visible.</doc>
<status status="PASS" starttime="20210513 08:32:03.790" endtime="20210513 08:32:04.251"/>
</kw>
<status status="PASS" starttime="20210513 08:32:02.366" endtime="20210513 08:32:04.253"/>
</test>
<test id="s1-t7" name="Post-conditions - TC_003 - Vyhledávání podle GPS souřadnic">
<kw name="Click Element" library="SeleniumLibrary">
<arg>${Button_Zavrit}</arg>
<doc>Click the element identified by ``locator``.</doc>
<msg timestamp="20210513 08:32:04.256" level="INFO">Clicking element '//button[contains(text(),'Zavřít')]'.</msg>
<status status="PASS" starttime="20210513 08:32:04.256" endtime="20210513 08:32:04.752"/>
</kw>
<kw name="Wait Until Element Is Visible" library="SeleniumLibrary">
<arg>${Button_DeleteSearchInput}</arg>
<doc>Waits until the element ``locator`` is visible.</doc>
<status status="PASS" starttime="20210513 08:32:04.754" endtime="20210513 08:32:05.215"/>
</kw>
<kw name="Click Element" library="SeleniumLibrary">
<arg>${Button_DeleteSearchInput}</arg>
<doc>Click the element identified by ``locator``.</doc>
<msg timestamp="20210513 08:32:05.215" level="INFO">Clicking element '//body[1]/div[1]/div[2]/div[2]/div[1]/div[1]/form[1]/span[1]'.</msg>
<status status="PASS" starttime="20210513 08:32:05.215" endtime="20210513 08:32:05.671"/>
</kw>
<status status="PASS" starttime="20210513 08:32:04.255" endtime="20210513 08:32:05.671"/>
</test>
<test id="s1-t8" name="TC_004 - Vyhledávání podle kategorií">
<kw name="Wait Until Element Is Visible" library="SeleniumLibrary">
<arg>${Button_Restaurace}</arg>
<doc>Waits until the element ``locator`` is visible.</doc>
<status status="PASS" starttime="20210513 08:32:05.680" endtime="20210513 08:32:06.127"/>
</kw>
<kw name="Click Element" library="SeleniumLibrary">
<arg>${Button_Restaurace}</arg>
<doc>Click the element identified by ``locator``.</doc>
<msg timestamp="20210513 08:32:06.130" level="INFO">Clicking element '//span[contains(text(),'Restaurace')]'.</msg>
<status status="PASS" starttime="20210513 08:32:06.129" endtime="20210513 08:32:06.630"/>
</kw>
<kw name="Wait Until Element Is Visible" library="SeleniumLibrary">
<arg>${ListItem_Restaurace}</arg>
<doc>Waits until the element ``locator`` is visible.</doc>
<status status="PASS" starttime="20210513 08:32:06.631" endtime="20210513 08:32:07.542"/>
</kw>
<status status="PASS" starttime="20210513 08:32:05.679" endtime="20210513 08:32:07.542"/>
</test>
<test id="s1-t9" name="Post-conditions - TS001_VyhledavaciPole">
<kw name="Close Browser" library="SeleniumLibrary">
<doc>Closes the current browser.</doc>
<status status="PASS" starttime="20210513 08:32:07.547" endtime="20210513 08:32:09.842"/>
</kw>
<status status="PASS" starttime="20210513 08:32:07.547" endtime="20210513 08:32:09.842"/>
</test>
<status status="PASS" starttime="20210513 08:31:48.058" endtime="20210513 08:32:09.849"/>
</suite>
<statistics>
<total>
<stat pass="9" fail="0" skip="0">All Tests</stat>
</total>
<tag>
</tag>
<suite>
<stat pass="9" fail="0" skip="0" id="s1" name="TS001 VyhledavaciPole">TS001 VyhledavaciPole</stat>
</suite>
</statistics>
<errors>
</errors>
</robot>
